[2025-10-09 19:43:52,914] [INFO] [logging_config.py:65 - setup_logging()] Logging configured.
[2025-10-09 19:47:22,702] [INFO] [logging_config.py:65 - setup_logging()] Logging configured.
[2025-10-09 19:49:35,793] [INFO] [logging_config.py:65 - setup_logging()] Logging configured.
[2025-10-09 19:51:26,326] [INFO] [logging_config.py:65 - setup_logging()] Logging configured.
[2025-10-09 19:51:33,138] [DEBUG] [logging_decorator.py:64 - wrapper()] ▶️ Executing: app.domain.user.service.UserService.create args=(UserCreate(username='string', email='string', full_name='string', role='user', is_active=True, password='string'),), kwargs={}
[2025-10-09 19:51:33,219] [ERROR] [logging_decorator.py:79 - wrapper()] Error in app.domain.user.service.UserService.create after 80.03 ms: 400: Email already registered.
Traceback (most recent call last):
  File "/mnt/c/Users/abram/Documents/crecenia/chatbot-rag/app/core/logging_decorator.py", line 68, in wrapper
    result = __method(self, *args, **kwargs)
             ^^^^^^^^^^^^^^^^^^^^^^^^^^^^^^^
  File "/mnt/c/Users/abram/Documents/crecenia/chatbot-rag/app/domain/user/service.py", line 30, in create
    raise HTTPException(
fastapi.exceptions.HTTPException: 400: Email already registered.
[2025-10-09 19:51:44,033] [DEBUG] [logging_decorator.py:64 - wrapper()] ▶️ Executing: app.domain.user.service.UserService.create args=(UserCreate(username='string', email='abramian', full_name='string', role='user', is_active=True, password='string'),), kwargs={}
[2025-10-09 19:51:44,041] [ERROR] [logging_decorator.py:79 - wrapper()] Error in app.domain.user.service.UserService.create after 6.78 ms: (psycopg2.errors.UniqueViolation) duplicate key value violates unique constraint "ix_user_username"
DETAIL:  Key (username)=(string) already exists.

[SQL: INSERT INTO "user" (username, email, full_name, password, role, is_active, created_at, updated_at) VALUES (%(username)s, %(email)s, %(full_name)s, %(password)s, %(role)s, %(is_active)s, %(created_at)s, %(updated_at)s) RETURNING "user".id]
[parameters: {'username': 'string', 'email': 'abramian', 'full_name': 'string', 'password': 'string', 'role': 'user', 'is_active': True, 'created_at': datetime.datetime(2025, 10, 9, 19, 51, 44, 37706), 'updated_at': datetime.datetime(2025, 10, 9, 19, 51, 44, 37712)}]
(Background on this error at: https://sqlalche.me/e/20/gkpj)
Traceback (most recent call last):
  File "/mnt/c/Users/abram/Documents/crecenia/chatbot-rag/venv-linux/lib/python3.12/site-packages/sqlalchemy/engine/base.py", line 1967, in _exec_single_context
    self.dialect.do_execute(
  File "/mnt/c/Users/abram/Documents/crecenia/chatbot-rag/venv-linux/lib/python3.12/site-packages/sqlalchemy/engine/default.py", line 951, in do_execute
    cursor.execute(statement, parameters)
psycopg2.errors.UniqueViolation: duplicate key value violates unique constraint "ix_user_username"
DETAIL:  Key (username)=(string) already exists.


The above exception was the direct cause of the following exception:

Traceback (most recent call last):
  File "/mnt/c/Users/abram/Documents/crecenia/chatbot-rag/app/core/logging_decorator.py", line 68, in wrapper
    result = __method(self, *args, **kwargs)
             ^^^^^^^^^^^^^^^^^^^^^^^^^^^^^^^
  File "/mnt/c/Users/abram/Documents/crecenia/chatbot-rag/app/domain/user/service.py", line 36, in create
    return self.repo.create(obj)
           ^^^^^^^^^^^^^^^^^^^^^
  File "/mnt/c/Users/abram/Documents/crecenia/chatbot-rag/app/domain/user/repository.py", line 20, in create
    self.session.commit()
  File "/mnt/c/Users/abram/Documents/crecenia/chatbot-rag/venv-linux/lib/python3.12/site-packages/sqlalchemy/orm/session.py", line 2032, in commit
    trans.commit(_to_root=True)
  File "<string>", line 2, in commit
  File "/mnt/c/Users/abram/Documents/crecenia/chatbot-rag/venv-linux/lib/python3.12/site-packages/sqlalchemy/orm/state_changes.py", line 137, in _go
    ret_value = fn(self, *arg, **kw)
                ^^^^^^^^^^^^^^^^^^^^
  File "/mnt/c/Users/abram/Documents/crecenia/chatbot-rag/venv-linux/lib/python3.12/site-packages/sqlalchemy/orm/session.py", line 1313, in commit
    self._prepare_impl()
  File "<string>", line 2, in _prepare_impl
  File "/mnt/c/Users/abram/Documents/crecenia/chatbot-rag/venv-linux/lib/python3.12/site-packages/sqlalchemy/orm/state_changes.py", line 137, in _go
    ret_value = fn(self, *arg, **kw)
                ^^^^^^^^^^^^^^^^^^^^
  File "/mnt/c/Users/abram/Documents/crecenia/chatbot-rag/venv-linux/lib/python3.12/site-packages/sqlalchemy/orm/session.py", line 1288, in _prepare_impl
    self.session.flush()
  File "/mnt/c/Users/abram/Documents/crecenia/chatbot-rag/venv-linux/lib/python3.12/site-packages/sqlalchemy/orm/session.py", line 4345, in flush
    self._flush(objects)
  File "/mnt/c/Users/abram/Documents/crecenia/chatbot-rag/venv-linux/lib/python3.12/site-packages/sqlalchemy/orm/session.py", line 4480, in _flush
    with util.safe_reraise():
  File "/mnt/c/Users/abram/Documents/crecenia/chatbot-rag/venv-linux/lib/python3.12/site-packages/sqlalchemy/util/langhelpers.py", line 224, in __exit__
    raise exc_value.with_traceback(exc_tb)
  File "/mnt/c/Users/abram/Documents/crecenia/chatbot-rag/venv-linux/lib/python3.12/site-packages/sqlalchemy/orm/session.py", line 4441, in _flush
    flush_context.execute()
  File "/mnt/c/Users/abram/Documents/crecenia/chatbot-rag/venv-linux/lib/python3.12/site-packages/sqlalchemy/orm/unitofwork.py", line 466, in execute
    rec.execute(self)
  File "/mnt/c/Users/abram/Documents/crecenia/chatbot-rag/venv-linux/lib/python3.12/site-packages/sqlalchemy/orm/unitofwork.py", line 642, in execute
    util.preloaded.orm_persistence.save_obj(
  File "/mnt/c/Users/abram/Documents/crecenia/chatbot-rag/venv-linux/lib/python3.12/site-packages/sqlalchemy/orm/persistence.py", line 93, in save_obj
    _emit_insert_statements(
  File "/mnt/c/Users/abram/Documents/crecenia/chatbot-rag/venv-linux/lib/python3.12/site-packages/sqlalchemy/orm/persistence.py", line 1233, in _emit_insert_statements
    result = connection.execute(
             ^^^^^^^^^^^^^^^^^^^
  File "/mnt/c/Users/abram/Documents/crecenia/chatbot-rag/venv-linux/lib/python3.12/site-packages/sqlalchemy/engine/base.py", line 1419, in execute
    return meth(
           ^^^^^
  File "/mnt/c/Users/abram/Documents/crecenia/chatbot-rag/venv-linux/lib/python3.12/site-packages/sqlalchemy/sql/elements.py", line 526, in _execute_on_connection
    return connection._execute_clauseelement(
           ^^^^^^^^^^^^^^^^^^^^^^^^^^^^^^^^^^
  File "/mnt/c/Users/abram/Documents/crecenia/chatbot-rag/venv-linux/lib/python3.12/site-packages/sqlalchemy/engine/base.py", line 1641, in _execute_clauseelement
    ret = self._execute_context(
          ^^^^^^^^^^^^^^^^^^^^^^
  File "/mnt/c/Users/abram/Documents/crecenia/chatbot-rag/venv-linux/lib/python3.12/site-packages/sqlalchemy/engine/base.py", line 1846, in _execute_context
    return self._exec_single_context(
           ^^^^^^^^^^^^^^^^^^^^^^^^^^
  File "/mnt/c/Users/abram/Documents/crecenia/chatbot-rag/venv-linux/lib/python3.12/site-packages/sqlalchemy/engine/base.py", line 1986, in _exec_single_context
    self._handle_dbapi_exception(
  File "/mnt/c/Users/abram/Documents/crecenia/chatbot-rag/venv-linux/lib/python3.12/site-packages/sqlalchemy/engine/base.py", line 2355, in _handle_dbapi_exception
    raise sqlalchemy_exception.with_traceback(exc_info[2]) from e
  File "/mnt/c/Users/abram/Documents/crecenia/chatbot-rag/venv-linux/lib/python3.12/site-packages/sqlalchemy/engine/base.py", line 1967, in _exec_single_context
    self.dialect.do_execute(
  File "/mnt/c/Users/abram/Documents/crecenia/chatbot-rag/venv-linux/lib/python3.12/site-packages/sqlalchemy/engine/default.py", line 951, in do_execute
    cursor.execute(statement, parameters)
sqlalchemy.exc.IntegrityError: (psycopg2.errors.UniqueViolation) duplicate key value violates unique constraint "ix_user_username"
DETAIL:  Key (username)=(string) already exists.

[SQL: INSERT INTO "user" (username, email, full_name, password, role, is_active, created_at, updated_at) VALUES (%(username)s, %(email)s, %(full_name)s, %(password)s, %(role)s, %(is_active)s, %(created_at)s, %(updated_at)s) RETURNING "user".id]
[parameters: {'username': 'string', 'email': 'abramian', 'full_name': 'string', 'password': 'string', 'role': 'user', 'is_active': True, 'created_at': datetime.datetime(2025, 10, 9, 19, 51, 44, 37706), 'updated_at': datetime.datetime(2025, 10, 9, 19, 51, 44, 37712)}]
(Background on this error at: https://sqlalche.me/e/20/gkpj)
[2025-10-09 19:52:07,418] [DEBUG] [logging_decorator.py:64 - wrapper()] ▶️ Executing: app.domain.user.service.UserService.create args=(UserCreate(username='abramian', email='abramian', full_name='string', role='user', is_active=True, password='string'),), kwargs={}
[2025-10-09 19:52:07,430] [DEBUG] [logging_decorator.py:72 - wrapper()] ✅ app.domain.user.service.UserService.create completed in 10.32 ms
[2025-10-09 19:53:00,969] [INFO] [logging_config.py:65 - setup_logging()] Logging configured.
[2025-10-09 19:53:53,086] [INFO] [logging_config.py:65 - setup_logging()] Logging configured.
[2025-10-09 19:54:43,725] [INFO] [logging_config.py:65 - setup_logging()] Logging configured.
[2025-10-09 19:55:33,622] [INFO] [logging_config.py:65 - setup_logging()] Logging configured.
[2025-10-09 20:48:02,995] [INFO] [logging_config.py:65 - setup_logging()] Logging configured.
[2025-10-09 20:49:33,063] [INFO] [logging_config.py:65 - setup_logging()] Logging configured.
[2025-10-09 20:51:48,585] [INFO] [logging_config.py:65 - setup_logging()] Logging configured.
[2025-10-09 20:51:48,618] [DEBUG] [logging_decorator.py:64 - wrapper()] ▶️ Executing: app.domain.user.service.UserService.create args=(UserCreate(username='Markus', email='abramianmedina@gmail.com', full_name='Markus Abramian Medina', role='user', is_active=True, password='1234'),), kwargs={}
[2025-10-09 20:51:48,699] [DEBUG] [logging_decorator.py:72 - wrapper()] ✅ app.domain.user.service.UserService.create completed in 80.11 ms
[2025-10-09 23:00:14,784] [INFO] [logging_config.py:65 - setup_logging()] Logging configured.
[2025-10-09 23:01:04,462] [INFO] [logging_config.py:65 - setup_logging()] Logging configured.
[2025-10-10 20:56:41,784] [INFO] [logging_config.py:65 - setup_logging()] Logging configured.
[2025-10-10 20:56:53,712] [INFO] [logging_config.py:65 - setup_logging()] Logging configured.
[2025-10-10 21:17:36,561] [INFO] [logging_config.py:65 - setup_logging()] Logging configured.
[2025-10-10 21:19:16,551] [INFO] [logging_config.py:65 - setup_logging()] Logging configured.
[2025-10-10 21:19:21,299] [INFO] [logging_config.py:65 - setup_logging()] Logging configured.
[2025-10-10 21:19:25,932] [INFO] [logging_config.py:65 - setup_logging()] Logging configured.
[2025-10-10 21:24:35,039] [INFO] [logging_config.py:65 - setup_logging()] Logging configured.
[2025-10-10 21:24:47,336] [INFO] [logging_config.py:65 - setup_logging()] Logging configured.
[2025-10-10 21:24:51,974] [INFO] [logging_config.py:65 - setup_logging()] Logging configured.
[2025-10-10 21:24:56,622] [INFO] [logging_config.py:65 - setup_logging()] Logging configured.
[2025-10-10 21:25:28,289] [INFO] [logging_config.py:65 - setup_logging()] Logging configured.
[2025-10-10 21:25:32,958] [INFO] [logging_config.py:65 - setup_logging()] Logging configured.
[2025-10-10 21:25:37,589] [INFO] [logging_config.py:65 - setup_logging()] Logging configured.
[2025-10-10 21:28:00,635] [INFO] [logging_config.py:65 - setup_logging()] Logging configured.
[2025-10-10 21:28:05,244] [INFO] [logging_config.py:65 - setup_logging()] Logging configured.
[2025-10-10 21:28:26,231] [INFO] [logging_config.py:65 - setup_logging()] Logging configured.
[2025-10-10 21:28:30,868] [INFO] [logging_config.py:65 - setup_logging()] Logging configured.
[2025-10-10 21:29:38,078] [INFO] [logging_config.py:65 - setup_logging()] Logging configured.
[2025-10-10 21:51:43,589] [INFO] [logging_config.py:65 - setup_logging()] Logging configured.
[2025-10-10 21:51:48,155] [INFO] [logging_config.py:65 - setup_logging()] Logging configured.
[2025-10-10 21:51:59,338] [INFO] [logging_config.py:65 - setup_logging()] Logging configured.
[2025-10-10 21:55:23,745] [INFO] [logging_config.py:65 - setup_logging()] Logging configured.
[2025-10-10 21:55:28,359] [INFO] [logging_config.py:65 - setup_logging()] Logging configured.
[2025-10-10 21:55:35,213] [INFO] [logging_config.py:65 - setup_logging()] Logging configured.
[2025-10-10 21:55:39,950] [INFO] [logging_config.py:65 - setup_logging()] Logging configured.
[2025-10-10 21:58:03,192] [INFO] [logging_config.py:65 - setup_logging()] Logging configured.
[2025-10-10 21:58:24,624] [INFO] [logging_config.py:65 - setup_logging()] Logging configured.
[2025-10-10 21:58:39,941] [INFO] [logging_config.py:65 - setup_logging()] Logging configured.
[2025-10-10 22:03:10,612] [DEBUG] [multipart.py:628 - callback()] Calling on_part_begin with no data
[2025-10-10 22:03:10,612] [DEBUG] [multipart.py:625 - callback()] Calling on_header_field with data[42:61]
[2025-10-10 22:03:10,613] [DEBUG] [multipart.py:625 - callback()] Calling on_header_value with data[63:86]
[2025-10-10 22:03:10,613] [DEBUG] [multipart.py:628 - callback()] Calling on_header_end with no data
[2025-10-10 22:03:10,613] [DEBUG] [multipart.py:628 - callback()] Calling on_headers_finished with no data
[2025-10-10 22:03:10,613] [DEBUG] [multipart.py:625 - callback()] Calling on_part_data with data[90:102]
[2025-10-10 22:03:10,613] [DEBUG] [multipart.py:628 - callback()] Calling on_part_end with no data
[2025-10-10 22:03:10,613] [DEBUG] [multipart.py:628 - callback()] Calling on_part_begin with no data
[2025-10-10 22:03:10,613] [DEBUG] [multipart.py:625 - callback()] Calling on_header_field with data[146:165]
[2025-10-10 22:03:10,613] [DEBUG] [multipart.py:625 - callback()] Calling on_header_value with data[167:196]
[2025-10-10 22:03:10,613] [DEBUG] [multipart.py:628 - callback()] Calling on_header_end with no data
[2025-10-10 22:03:10,613] [DEBUG] [multipart.py:628 - callback()] Calling on_headers_finished with no data
[2025-10-10 22:03:10,613] [DEBUG] [multipart.py:625 - callback()] Calling on_part_data with data[200:211]
[2025-10-10 22:03:10,613] [DEBUG] [multipart.py:628 - callback()] Calling on_part_end with no data
[2025-10-10 22:03:10,613] [DEBUG] [multipart.py:628 - callback()] Calling on_part_begin with no data
[2025-10-10 22:03:10,613] [DEBUG] [multipart.py:625 - callback()] Calling on_header_field with data[255:274]
[2025-10-10 22:03:10,613] [DEBUG] [multipart.py:625 - callback()] Calling on_header_value with data[276:302]
[2025-10-10 22:03:10,613] [DEBUG] [multipart.py:628 - callback()] Calling on_header_end with no data
[2025-10-10 22:03:10,613] [DEBUG] [multipart.py:628 - callback()] Calling on_headers_finished with no data
[2025-10-10 22:03:10,613] [DEBUG] [multipart.py:625 - callback()] Calling on_part_data with data[306:307]
[2025-10-10 22:03:10,614] [DEBUG] [multipart.py:628 - callback()] Calling on_part_end with no data
[2025-10-10 22:03:10,614] [DEBUG] [multipart.py:628 - callback()] Calling on_part_begin with no data
[2025-10-10 22:03:10,614] [DEBUG] [multipart.py:625 - callback()] Calling on_header_field with data[351:370]
[2025-10-10 22:03:10,614] [DEBUG] [multipart.py:625 - callback()] Calling on_header_value with data[372:428]
[2025-10-10 22:03:10,614] [DEBUG] [multipart.py:628 - callback()] Calling on_header_end with no data
[2025-10-10 22:03:10,614] [DEBUG] [multipart.py:625 - callback()] Calling on_header_field with data[430:442]
[2025-10-10 22:03:10,614] [DEBUG] [multipart.py:625 - callback()] Calling on_header_value with data[444:515]
[2025-10-10 22:03:10,614] [DEBUG] [multipart.py:628 - callback()] Calling on_header_end with no data
[2025-10-10 22:03:10,614] [DEBUG] [multipart.py:628 - callback()] Calling on_headers_finished with no data
[2025-10-10 22:03:10,614] [DEBUG] [multipart.py:625 - callback()] Calling on_part_data with data[519:16384]
[2025-10-10 22:03:10,614] [DEBUG] [multipart.py:625 - callback()] Calling on_part_data with data[0:212992]
[2025-10-10 22:03:10,615] [DEBUG] [multipart.py:625 - callback()] Calling on_part_data with data[0:196608]
[2025-10-10 22:03:10,615] [DEBUG] [multipart.py:625 - callback()] Calling on_part_data with data[0:180224]
[2025-10-10 22:03:10,616] [DEBUG] [multipart.py:625 - callback()] Calling on_part_data with data[0:114688]
[2025-10-10 22:03:10,616] [DEBUG] [multipart.py:625 - callback()] Calling on_part_data with data[0:98304]
[2025-10-10 22:03:10,616] [DEBUG] [multipart.py:625 - callback()] Calling on_part_data with data[0:85388]
[2025-10-10 22:03:10,616] [DEBUG] [multipart.py:628 - callback()] Calling on_part_end with no data
[2025-10-10 22:03:10,616] [DEBUG] [multipart.py:628 - callback()] Calling on_end with no data
[2025-10-10 22:03:58,867] [INFO] [logging_config.py:65 - setup_logging()] Logging configured.
[2025-10-10 22:03:58,877] [DEBUG] [multipart.py:628 - callback()] Calling on_part_begin with no data
[2025-10-10 22:03:58,877] [DEBUG] [multipart.py:625 - callback()] Calling on_header_field with data[42:61]
[2025-10-10 22:03:58,877] [DEBUG] [multipart.py:625 - callback()] Calling on_header_value with data[63:86]
[2025-10-10 22:03:58,877] [DEBUG] [multipart.py:628 - callback()] Calling on_header_end with no data
[2025-10-10 22:03:58,877] [DEBUG] [multipart.py:628 - callback()] Calling on_headers_finished with no data
[2025-10-10 22:03:58,877] [DEBUG] [multipart.py:625 - callback()] Calling on_part_data with data[90:102]
[2025-10-10 22:03:58,878] [DEBUG] [multipart.py:628 - callback()] Calling on_part_end with no data
[2025-10-10 22:03:58,878] [DEBUG] [multipart.py:628 - callback()] Calling on_part_begin with no data
[2025-10-10 22:03:58,878] [DEBUG] [multipart.py:625 - callback()] Calling on_header_field with data[146:165]
[2025-10-10 22:03:58,878] [DEBUG] [multipart.py:625 - callback()] Calling on_header_value with data[167:196]
[2025-10-10 22:03:58,878] [DEBUG] [multipart.py:628 - callback()] Calling on_header_end with no data
[2025-10-10 22:03:58,878] [DEBUG] [multipart.py:628 - callback()] Calling on_headers_finished with no data
[2025-10-10 22:03:58,878] [DEBUG] [multipart.py:625 - callback()] Calling on_part_data with data[200:211]
[2025-10-10 22:03:58,878] [DEBUG] [multipart.py:628 - callback()] Calling on_part_end with no data
[2025-10-10 22:03:58,878] [DEBUG] [multipart.py:628 - callback()] Calling on_part_begin with no data
[2025-10-10 22:03:58,878] [DEBUG] [multipart.py:625 - callback()] Calling on_header_field with data[255:274]
[2025-10-10 22:03:58,878] [DEBUG] [multipart.py:625 - callback()] Calling on_header_value with data[276:302]
[2025-10-10 22:03:58,878] [DEBUG] [multipart.py:628 - callback()] Calling on_header_end with no data
[2025-10-10 22:03:58,878] [DEBUG] [multipart.py:628 - callback()] Calling on_headers_finished with no data
[2025-10-10 22:03:58,878] [DEBUG] [multipart.py:625 - callback()] Calling on_part_data with data[306:307]
[2025-10-10 22:03:58,878] [DEBUG] [multipart.py:628 - callback()] Calling on_part_end with no data
[2025-10-10 22:03:58,878] [DEBUG] [multipart.py:628 - callback()] Calling on_part_begin with no data
[2025-10-10 22:03:58,878] [DEBUG] [multipart.py:625 - callback()] Calling on_header_field with data[351:370]
[2025-10-10 22:03:58,878] [DEBUG] [multipart.py:625 - callback()] Calling on_header_value with data[372:428]
[2025-10-10 22:03:58,879] [DEBUG] [multipart.py:628 - callback()] Calling on_header_end with no data
[2025-10-10 22:03:58,879] [DEBUG] [multipart.py:625 - callback()] Calling on_header_field with data[430:442]
[2025-10-10 22:03:58,879] [DEBUG] [multipart.py:625 - callback()] Calling on_header_value with data[444:515]
[2025-10-10 22:03:58,879] [DEBUG] [multipart.py:628 - callback()] Calling on_header_end with no data
[2025-10-10 22:03:58,879] [DEBUG] [multipart.py:628 - callback()] Calling on_headers_finished with no data
[2025-10-10 22:03:58,879] [DEBUG] [multipart.py:625 - callback()] Calling on_part_data with data[519:196608]
[2025-10-10 22:03:58,880] [DEBUG] [multipart.py:625 - callback()] Calling on_part_data with data[0:245760]
[2025-10-10 22:03:58,880] [DEBUG] [multipart.py:625 - callback()] Calling on_part_data with data[0:180224]
[2025-10-10 22:03:58,880] [DEBUG] [multipart.py:625 - callback()] Calling on_part_data with data[0:114688]
[2025-10-10 22:03:58,880] [DEBUG] [multipart.py:625 - callback()] Calling on_part_data with data[0:114688]
[2025-10-10 22:03:58,881] [DEBUG] [multipart.py:625 - callback()] Calling on_part_data with data[0:52620]
[2025-10-10 22:03:58,881] [DEBUG] [multipart.py:628 - callback()] Calling on_part_end with no data
[2025-10-10 22:03:58,881] [DEBUG] [multipart.py:628 - callback()] Calling on_end with no data
[2025-10-10 22:07:31,459] [INFO] [logging_config.py:65 - setup_logging()] Logging configured.
[2025-10-10 22:07:35,288] [INFO] [logging_config.py:65 - setup_logging()] Logging configured.
[2025-10-10 22:07:38,734] [DEBUG] [multipart.py:628 - callback()] Calling on_part_begin with no data
[2025-10-10 22:07:38,734] [DEBUG] [multipart.py:625 - callback()] Calling on_header_field with data[42:61]
[2025-10-10 22:07:38,734] [DEBUG] [multipart.py:625 - callback()] Calling on_header_value with data[63:86]
[2025-10-10 22:07:38,734] [DEBUG] [multipart.py:628 - callback()] Calling on_header_end with no data
[2025-10-10 22:07:38,734] [DEBUG] [multipart.py:628 - callback()] Calling on_headers_finished with no data
[2025-10-10 22:07:38,734] [DEBUG] [multipart.py:625 - callback()] Calling on_part_data with data[90:102]
[2025-10-10 22:07:38,734] [DEBUG] [multipart.py:628 - callback()] Calling on_part_end with no data
[2025-10-10 22:07:38,734] [DEBUG] [multipart.py:628 - callback()] Calling on_part_begin with no data
[2025-10-10 22:07:38,735] [DEBUG] [multipart.py:625 - callback()] Calling on_header_field with data[146:165]
[2025-10-10 22:07:38,735] [DEBUG] [multipart.py:625 - callback()] Calling on_header_value with data[167:196]
[2025-10-10 22:07:38,735] [DEBUG] [multipart.py:628 - callback()] Calling on_header_end with no data
[2025-10-10 22:07:38,735] [DEBUG] [multipart.py:628 - callback()] Calling on_headers_finished with no data
[2025-10-10 22:07:38,735] [DEBUG] [multipart.py:625 - callback()] Calling on_part_data with data[200:211]
[2025-10-10 22:07:38,735] [DEBUG] [multipart.py:628 - callback()] Calling on_part_end with no data
[2025-10-10 22:07:38,735] [DEBUG] [multipart.py:628 - callback()] Calling on_part_begin with no data
[2025-10-10 22:07:38,735] [DEBUG] [multipart.py:625 - callback()] Calling on_header_field with data[255:274]
[2025-10-10 22:07:38,735] [DEBUG] [multipart.py:625 - callback()] Calling on_header_value with data[276:302]
[2025-10-10 22:07:38,735] [DEBUG] [multipart.py:628 - callback()] Calling on_header_end with no data
[2025-10-10 22:07:38,735] [DEBUG] [multipart.py:628 - callback()] Calling on_headers_finished with no data
[2025-10-10 22:07:38,735] [DEBUG] [multipart.py:625 - callback()] Calling on_part_data with data[306:307]
[2025-10-10 22:07:38,735] [DEBUG] [multipart.py:628 - callback()] Calling on_part_end with no data
[2025-10-10 22:07:38,735] [DEBUG] [multipart.py:628 - callback()] Calling on_part_begin with no data
[2025-10-10 22:07:38,735] [DEBUG] [multipart.py:625 - callback()] Calling on_header_field with data[351:370]
[2025-10-10 22:07:38,735] [DEBUG] [multipart.py:625 - callback()] Calling on_header_value with data[372:428]
[2025-10-10 22:07:38,735] [DEBUG] [multipart.py:628 - callback()] Calling on_header_end with no data
[2025-10-10 22:07:38,735] [DEBUG] [multipart.py:625 - callback()] Calling on_header_field with data[430:442]
[2025-10-10 22:07:38,735] [DEBUG] [multipart.py:625 - callback()] Calling on_header_value with data[444:515]
[2025-10-10 22:07:38,735] [DEBUG] [multipart.py:628 - callback()] Calling on_header_end with no data
[2025-10-10 22:07:38,735] [DEBUG] [multipart.py:628 - callback()] Calling on_headers_finished with no data
[2025-10-10 22:07:38,735] [DEBUG] [multipart.py:625 - callback()] Calling on_part_data with data[519:49152]
[2025-10-10 22:07:38,736] [DEBUG] [multipart.py:625 - callback()] Calling on_part_data with data[0:262144]
[2025-10-10 22:07:38,736] [DEBUG] [multipart.py:625 - callback()] Calling on_part_data with data[0:98304]
[2025-10-10 22:07:38,737] [DEBUG] [multipart.py:625 - callback()] Calling on_part_data with data[0:65536]
[2025-10-10 22:07:38,737] [DEBUG] [multipart.py:625 - callback()] Calling on_part_data with data[0:49152]
[2025-10-10 22:07:38,737] [DEBUG] [multipart.py:625 - callback()] Calling on_part_data with data[0:81920]
[2025-10-10 22:07:38,737] [DEBUG] [multipart.py:625 - callback()] Calling on_part_data with data[0:98304]
[2025-10-10 22:07:38,738] [DEBUG] [multipart.py:625 - callback()] Calling on_part_data with data[0:49152]
[2025-10-10 22:07:38,738] [DEBUG] [multipart.py:625 - callback()] Calling on_part_data with data[0:81920]
[2025-10-10 22:07:38,738] [DEBUG] [multipart.py:625 - callback()] Calling on_part_data with data[0:69004]
[2025-10-10 22:07:38,738] [DEBUG] [multipart.py:628 - callback()] Calling on_part_end with no data
[2025-10-10 22:07:38,738] [DEBUG] [multipart.py:628 - callback()] Calling on_end with no data
[2025-10-10 22:13:23,715] [INFO] [logging_config.py:65 - setup_logging()] Logging configured.
[2025-10-10 22:13:33,135] [INFO] [logging_config.py:65 - setup_logging()] Logging configured.
[2025-10-10 22:13:37,956] [INFO] [logging_config.py:65 - setup_logging()] Logging configured.
[2025-10-10 22:13:39,306] [DEBUG] [multipart.py:628 - callback()] Calling on_part_begin with no data
[2025-10-10 22:13:39,306] [DEBUG] [multipart.py:625 - callback()] Calling on_header_field with data[42:61]
[2025-10-10 22:13:39,306] [DEBUG] [multipart.py:625 - callback()] Calling on_header_value with data[63:86]
[2025-10-10 22:13:39,306] [DEBUG] [multipart.py:628 - callback()] Calling on_header_end with no data
[2025-10-10 22:13:39,306] [DEBUG] [multipart.py:628 - callback()] Calling on_headers_finished with no data
[2025-10-10 22:13:39,306] [DEBUG] [multipart.py:625 - callback()] Calling on_part_data with data[90:102]
[2025-10-10 22:13:39,306] [DEBUG] [multipart.py:628 - callback()] Calling on_part_end with no data
[2025-10-10 22:13:39,306] [DEBUG] [multipart.py:628 - callback()] Calling on_part_begin with no data
[2025-10-10 22:13:39,306] [DEBUG] [multipart.py:625 - callback()] Calling on_header_field with data[146:165]
[2025-10-10 22:13:39,306] [DEBUG] [multipart.py:625 - callback()] Calling on_header_value with data[167:196]
[2025-10-10 22:13:39,306] [DEBUG] [multipart.py:628 - callback()] Calling on_header_end with no data
[2025-10-10 22:13:39,306] [DEBUG] [multipart.py:628 - callback()] Calling on_headers_finished with no data
[2025-10-10 22:13:39,306] [DEBUG] [multipart.py:625 - callback()] Calling on_part_data with data[200:211]
[2025-10-10 22:13:39,306] [DEBUG] [multipart.py:628 - callback()] Calling on_part_end with no data
[2025-10-10 22:13:39,307] [DEBUG] [multipart.py:628 - callback()] Calling on_part_begin with no data
[2025-10-10 22:13:39,307] [DEBUG] [multipart.py:625 - callback()] Calling on_header_field with data[255:274]
[2025-10-10 22:13:39,307] [DEBUG] [multipart.py:625 - callback()] Calling on_header_value with data[276:302]
[2025-10-10 22:13:39,307] [DEBUG] [multipart.py:628 - callback()] Calling on_header_end with no data
[2025-10-10 22:13:39,307] [DEBUG] [multipart.py:628 - callback()] Calling on_headers_finished with no data
[2025-10-10 22:13:39,307] [DEBUG] [multipart.py:625 - callback()] Calling on_part_data with data[306:307]
[2025-10-10 22:13:39,307] [DEBUG] [multipart.py:628 - callback()] Calling on_part_end with no data
[2025-10-10 22:13:39,307] [DEBUG] [multipart.py:628 - callback()] Calling on_part_begin with no data
[2025-10-10 22:13:39,307] [DEBUG] [multipart.py:625 - callback()] Calling on_header_field with data[351:370]
[2025-10-10 22:13:39,307] [DEBUG] [multipart.py:625 - callback()] Calling on_header_value with data[372:428]
[2025-10-10 22:13:39,307] [DEBUG] [multipart.py:628 - callback()] Calling on_header_end with no data
[2025-10-10 22:13:39,307] [DEBUG] [multipart.py:625 - callback()] Calling on_header_field with data[430:442]
[2025-10-10 22:13:39,307] [DEBUG] [multipart.py:625 - callback()] Calling on_header_value with data[444:515]
[2025-10-10 22:13:39,307] [DEBUG] [multipart.py:628 - callback()] Calling on_header_end with no data
[2025-10-10 22:13:39,307] [DEBUG] [multipart.py:628 - callback()] Calling on_headers_finished with no data
[2025-10-10 22:13:39,307] [DEBUG] [multipart.py:625 - callback()] Calling on_part_data with data[519:131072]
[2025-10-10 22:13:39,308] [DEBUG] [multipart.py:625 - callback()] Calling on_part_data with data[0:262144]
[2025-10-10 22:13:39,308] [DEBUG] [multipart.py:625 - callback()] Calling on_part_data with data[0:163840]
[2025-10-10 22:13:39,308] [DEBUG] [multipart.py:625 - callback()] Calling on_part_data with data[0:98304]
[2025-10-10 22:13:39,309] [DEBUG] [multipart.py:625 - callback()] Calling on_part_data with data[0:131072]
[2025-10-10 22:13:39,309] [DEBUG] [multipart.py:625 - callback()] Calling on_part_data with data[0:114688]
[2025-10-10 22:13:39,309] [DEBUG] [multipart.py:625 - callback()] Calling on_part_data with data[0:3468]
[2025-10-10 22:13:39,309] [DEBUG] [multipart.py:628 - callback()] Calling on_part_end with no data
[2025-10-10 22:13:39,309] [DEBUG] [multipart.py:628 - callback()] Calling on_end with no data
[2025-10-10 22:14:00,129] [INFO] [logging_config.py:65 - setup_logging()] Logging configured.
